2022/01/27 13:24:53 [notice] 1#1: using the "epoll" event method
2022/01/27 13:24:53 [notice] 1#1: nginx/1.21.0
2022/01/27 13:24:53 [notice] 1#1: built by gcc 8.3.0 (Debian 8.3.0-6) 
2022/01/27 13:24:53 [notice] 1#1: OS: Linux 4.15.0-132-generic
2022/01/27 13:24:53 [notice] 1#1: getrlimit(RLIMIT_NOFILE): 1048576:1048576
2022/01/27 13:24:53 [notice] 1#1: start worker processes
2022/01/27 13:24:53 [notice] 1#1: start worker process 29
2022/01/27 13:24:53 [notice] 1#1: start worker process 30
2022/01/27 13:24:53 [notice] 1#1: start worker process 31
2022/01/27 13:24:53 [notice] 1#1: start worker process 32
2022/01/27 13:25:22 [error] 29#29: *1 "/var/www/html/public/index.php" is not found (2: No such file or directory), client: 172.19.0.1, server: phpfpm.local, request: "GET / HTTP/1.1", host: "localhost:8282"
2022/01/27 13:25:22 [error] 29#29: *1 open() "/var/www/html/public/favicon.ico" failed (2: No such file or directory), client: 172.19.0.1, server: phpfpm.local, request: "GET /favicon.ico HTTP/1.1", host: "localhost:8282", referrer: "http://localhost:8282/"
2022/01/27 13:47:28 [notice] 1#1: signal 3 (SIGQUIT) received, shutting down
2022/01/27 13:47:28 [notice] 29#29: gracefully shutting down
2022/01/27 13:47:28 [notice] 29#29: exiting
2022/01/27 13:47:28 [notice] 31#31: gracefully shutting down
2022/01/27 13:47:28 [notice] 31#31: exiting
2022/01/27 13:47:28 [notice] 29#29: exit
2022/01/27 13:47:28 [notice] 31#31: exit
2022/01/27 13:47:28 [notice] 32#32: gracefully shutting down
2022/01/27 13:47:28 [notice] 32#32: exiting
2022/01/27 13:47:28 [notice] 32#32: exit
2022/01/27 13:47:28 [notice] 30#30: gracefully shutting down
2022/01/27 13:47:28 [notice] 30#30: exiting
2022/01/27 13:47:28 [notice] 30#30: exit
2022/01/27 13:47:28 [notice] 1#1: signal 17 (SIGCHLD) received from 29
2022/01/27 13:47:28 [notice] 1#1: worker process 29 exited with code 0
2022/01/27 13:47:28 [notice] 1#1: signal 29 (SIGIO) received
2022/01/27 13:47:28 [notice] 1#1: signal 17 (SIGCHLD) received from 32
2022/01/27 13:47:28 [notice] 1#1: worker process 31 exited with code 0
2022/01/27 13:47:28 [notice] 1#1: worker process 32 exited with code 0
2022/01/27 13:47:28 [notice] 1#1: signal 29 (SIGIO) received
2022/01/27 13:47:28 [notice] 1#1: signal 17 (SIGCHLD) received from 30
2022/01/27 13:47:28 [notice] 1#1: worker process 30 exited with code 0
2022/01/27 13:47:28 [notice] 1#1: exit
2022/01/27 13:49:05 [notice] 1#1: using the "epoll" event method
2022/01/27 13:49:05 [notice] 1#1: nginx/1.21.0
2022/01/27 13:49:05 [notice] 1#1: built by gcc 8.3.0 (Debian 8.3.0-6) 
2022/01/27 13:49:05 [notice] 1#1: OS: Linux 4.15.0-132-generic
2022/01/27 13:49:05 [notice] 1#1: getrlimit(RLIMIT_NOFILE): 1048576:1048576
2022/01/27 13:49:05 [notice] 1#1: start worker processes
2022/01/27 13:49:05 [notice] 1#1: start worker process 29
2022/01/27 13:49:05 [notice] 1#1: start worker process 30
2022/01/27 13:49:05 [notice] 1#1: start worker process 31
2022/01/27 13:49:05 [notice] 1#1: start worker process 32
2022/01/27 14:06:26 [notice] 1#1: signal 3 (SIGQUIT) received, shutting down
2022/01/27 14:06:26 [notice] 31#31: gracefully shutting down
2022/01/27 14:06:26 [notice] 32#32: gracefully shutting down
2022/01/27 14:06:26 [notice] 31#31: exiting
2022/01/27 14:06:26 [notice] 32#32: exiting
2022/01/27 14:06:26 [notice] 30#30: gracefully shutting down
2022/01/27 14:06:26 [notice] 30#30: exiting
2022/01/27 14:06:26 [notice] 29#29: gracefully shutting down
2022/01/27 14:06:26 [notice] 29#29: exiting
2022/01/27 14:06:26 [notice] 32#32: exit
2022/01/27 14:06:26 [notice] 29#29: exit
2022/01/27 14:06:26 [notice] 31#31: exit
2022/01/27 14:06:26 [notice] 30#30: exit
2022/01/27 14:06:26 [notice] 1#1: signal 17 (SIGCHLD) received from 32
2022/01/27 14:06:26 [notice] 1#1: worker process 29 exited with code 0
2022/01/27 14:06:26 [notice] 1#1: worker process 32 exited with code 0
2022/01/27 14:06:26 [notice] 1#1: signal 29 (SIGIO) received
2022/01/27 14:06:26 [notice] 1#1: signal 17 (SIGCHLD) received from 31
2022/01/27 14:06:26 [notice] 1#1: worker process 31 exited with code 0
2022/01/27 14:06:26 [notice] 1#1: signal 29 (SIGIO) received
2022/01/27 14:06:26 [notice] 1#1: signal 17 (SIGCHLD) received from 30
2022/01/27 14:06:26 [notice] 1#1: worker process 30 exited with code 0
2022/01/27 14:06:26 [notice] 1#1: exit
2022/01/27 14:14:48 [notice] 1#1: using the "epoll" event method
2022/01/27 14:14:48 [notice] 1#1: nginx/1.21.0
2022/01/27 14:14:48 [notice] 1#1: built by gcc 8.3.0 (Debian 8.3.0-6) 
2022/01/27 14:14:48 [notice] 1#1: OS: Linux 4.15.0-132-generic
2022/01/27 14:14:48 [notice] 1#1: getrlimit(RLIMIT_NOFILE): 1048576:1048576
2022/01/27 14:14:48 [notice] 1#1: start worker processes
2022/01/27 14:14:48 [notice] 1#1: start worker process 30
2022/01/27 14:14:48 [notice] 1#1: start worker process 31
2022/01/27 14:14:48 [notice] 1#1: start worker process 32
2022/01/27 14:14:48 [notice] 1#1: start worker process 33
2022/01/27 14:39:44 [notice] 1#1: signal 3 (SIGQUIT) received, shutting down
2022/01/27 14:39:44 [notice] 30#30: gracefully shutting down
2022/01/27 14:39:44 [notice] 31#31: gracefully shutting down
2022/01/27 14:39:44 [notice] 32#32: gracefully shutting down
2022/01/27 14:39:44 [notice] 31#31: exiting
2022/01/27 14:39:44 [notice] 30#30: exiting
2022/01/27 14:39:44 [notice] 32#32: exiting
2022/01/27 14:39:44 [notice] 31#31: exit
2022/01/27 14:39:44 [notice] 32#32: exit
2022/01/27 14:39:44 [notice] 30#30: exit
2022/01/27 14:39:44 [notice] 33#33: gracefully shutting down
2022/01/27 14:39:44 [notice] 33#33: exiting
2022/01/27 14:39:44 [notice] 33#33: exit
2022/01/27 14:39:44 [notice] 1#1: signal 17 (SIGCHLD) received from 30
2022/01/27 14:39:44 [notice] 1#1: worker process 30 exited with code 0
2022/01/27 14:39:44 [notice] 1#1: worker process 31 exited with code 0
2022/01/27 14:39:44 [notice] 1#1: worker process 32 exited with code 0
2022/01/27 14:39:44 [notice] 1#1: signal 29 (SIGIO) received
2022/01/27 14:39:44 [notice] 1#1: signal 17 (SIGCHLD) received from 32
2022/01/27 14:39:44 [notice] 1#1: signal 17 (SIGCHLD) received from 33
2022/01/27 14:39:44 [notice] 1#1: worker process 33 exited with code 0
2022/01/27 14:39:44 [notice] 1#1: exit
2022/01/27 14:39:54 [notice] 1#1: using the "epoll" event method
2022/01/27 14:39:54 [notice] 1#1: nginx/1.21.0
2022/01/27 14:39:54 [notice] 1#1: built by gcc 8.3.0 (Debian 8.3.0-6) 
2022/01/27 14:39:54 [notice] 1#1: OS: Linux 4.15.0-132-generic
2022/01/27 14:39:54 [notice] 1#1: getrlimit(RLIMIT_NOFILE): 1048576:1048576
2022/01/27 14:39:54 [notice] 1#1: start worker processes
2022/01/27 14:39:54 [notice] 1#1: start worker process 29
2022/01/27 14:39:54 [notice] 1#1: start worker process 30
2022/01/27 14:39:54 [notice] 1#1: start worker process 31
2022/01/27 14:39:54 [notice] 1#1: start worker process 32
2022/01/27 14:41:12 [notice] 1#1: signal 3 (SIGQUIT) received, shutting down
2022/01/27 14:41:12 [notice] 30#30: gracefully shutting down
2022/01/27 14:41:12 [notice] 31#31: gracefully shutting down
2022/01/27 14:41:12 [notice] 29#29: gracefully shutting down
2022/01/27 14:41:12 [notice] 30#30: exiting
2022/01/27 14:41:12 [notice] 31#31: exiting
2022/01/27 14:41:12 [notice] 29#29: exiting
2022/01/27 14:41:12 [notice] 30#30: exit
2022/01/27 14:41:12 [notice] 31#31: exit
2022/01/27 14:41:12 [notice] 29#29: exit
2022/01/27 14:41:12 [notice] 32#32: gracefully shutting down
2022/01/27 14:41:12 [notice] 32#32: exiting
2022/01/27 14:41:12 [notice] 32#32: exit
2022/01/27 14:41:12 [notice] 1#1: signal 17 (SIGCHLD) received from 32
2022/01/27 14:41:12 [notice] 1#1: worker process 32 exited with code 0
2022/01/27 14:41:12 [notice] 1#1: signal 29 (SIGIO) received
2022/01/27 14:41:12 [notice] 1#1: signal 17 (SIGCHLD) received from 30
2022/01/27 14:41:12 [notice] 1#1: worker process 30 exited with code 0
2022/01/27 14:41:12 [notice] 1#1: worker process 29 exited with code 0
2022/01/27 14:41:12 [notice] 1#1: worker process 31 exited with code 0
2022/01/27 14:41:12 [notice] 1#1: exit
2022/01/27 14:41:48 [notice] 1#1: using the "epoll" event method
2022/01/27 14:41:48 [notice] 1#1: nginx/1.21.0
2022/01/27 14:41:48 [notice] 1#1: built by gcc 8.3.0 (Debian 8.3.0-6) 
2022/01/27 14:41:48 [notice] 1#1: OS: Linux 4.15.0-132-generic
2022/01/27 14:41:48 [notice] 1#1: getrlimit(RLIMIT_NOFILE): 1048576:1048576
2022/01/27 14:41:48 [notice] 1#1: start worker processes
2022/01/27 14:41:48 [notice] 1#1: start worker process 29
2022/01/27 14:41:48 [notice] 1#1: start worker process 30
2022/01/27 14:41:48 [notice] 1#1: start worker process 31
2022/01/27 14:41:48 [notice] 1#1: start worker process 32
2022/01/27 14:44:26 [notice] 1#1: signal 3 (SIGQUIT) received, shutting down
2022/01/27 14:44:27 [notice] 29#29: gracefully shutting down
2022/01/27 14:44:27 [notice] 31#31: gracefully shutting down
2022/01/27 14:44:27 [notice] 30#30: gracefully shutting down
2022/01/27 14:44:27 [notice] 31#31: exiting
2022/01/27 14:44:27 [notice] 30#30: exiting
2022/01/27 14:44:27 [notice] 29#29: exiting
2022/01/27 14:44:27 [notice] 30#30: exit
2022/01/27 14:44:27 [notice] 31#31: exit
2022/01/27 14:44:27 [notice] 29#29: exit
2022/01/27 14:44:27 [notice] 32#32: gracefully shutting down
2022/01/27 14:44:27 [notice] 32#32: exiting
2022/01/27 14:44:27 [notice] 32#32: exit
2022/01/27 14:44:27 [notice] 1#1: signal 17 (SIGCHLD) received from 30
2022/01/27 14:44:27 [notice] 1#1: worker process 30 exited with code 0
2022/01/27 14:44:27 [notice] 1#1: signal 29 (SIGIO) received
2022/01/27 14:44:27 [notice] 1#1: signal 17 (SIGCHLD) received from 31
2022/01/27 14:44:27 [notice] 1#1: worker process 31 exited with code 0
2022/01/27 14:44:27 [notice] 1#1: signal 29 (SIGIO) received
2022/01/27 14:44:27 [notice] 1#1: signal 17 (SIGCHLD) received from 32
2022/01/27 14:44:27 [notice] 1#1: worker process 32 exited with code 0
2022/01/27 14:44:27 [notice] 1#1: signal 17 (SIGCHLD) received from 29
2022/01/27 14:44:27 [notice] 1#1: worker process 29 exited with code 0
2022/01/27 14:44:27 [notice] 1#1: exit
2022/01/27 14:46:13 [notice] 1#1: using the "epoll" event method
2022/01/27 14:46:13 [notice] 1#1: nginx/1.21.0
2022/01/27 14:46:13 [notice] 1#1: built by gcc 8.3.0 (Debian 8.3.0-6) 
2022/01/27 14:46:13 [notice] 1#1: OS: Linux 4.15.0-132-generic
2022/01/27 14:46:13 [notice] 1#1: getrlimit(RLIMIT_NOFILE): 1048576:1048576
2022/01/27 14:46:13 [notice] 1#1: start worker processes
2022/01/27 14:46:13 [notice] 1#1: start worker process 30
2022/01/27 14:46:13 [notice] 1#1: start worker process 31
2022/01/27 14:46:13 [notice] 1#1: start worker process 32
2022/01/27 14:46:13 [notice] 1#1: start worker process 33
2022/01/27 15:17:33 [notice] 1#1: signal 3 (SIGQUIT) received, shutting down
2022/01/27 15:17:33 [notice] 30#30: gracefully shutting down
2022/01/27 15:17:33 [notice] 30#30: exiting
2022/01/27 15:17:33 [notice] 32#32: gracefully shutting down
2022/01/27 15:17:33 [notice] 30#30: exit
2022/01/27 15:17:33 [notice] 32#32: exiting
2022/01/27 15:17:33 [notice] 32#32: exit
2022/01/27 15:17:33 [notice] 33#33: gracefully shutting down
2022/01/27 15:17:33 [notice] 33#33: exiting
2022/01/27 15:17:33 [notice] 33#33: exit
2022/01/27 15:17:33 [notice] 31#31: gracefully shutting down
2022/01/27 15:17:33 [notice] 31#31: exiting
2022/01/27 15:17:33 [notice] 31#31: exit
2022/01/27 15:17:33 [notice] 1#1: signal 17 (SIGCHLD) received from 32
2022/01/27 15:17:33 [notice] 1#1: worker process 32 exited with code 0
2022/01/27 15:17:33 [notice] 1#1: signal 29 (SIGIO) received
2022/01/27 15:17:33 [notice] 1#1: signal 17 (SIGCHLD) received from 33
2022/01/27 15:17:33 [notice] 1#1: worker process 33 exited with code 0
2022/01/27 15:17:33 [notice] 1#1: signal 29 (SIGIO) received
2022/01/27 15:17:33 [notice] 1#1: signal 17 (SIGCHLD) received from 31
2022/01/27 15:17:33 [notice] 1#1: worker process 31 exited with code 0
2022/01/27 15:17:33 [notice] 1#1: signal 29 (SIGIO) received
2022/01/27 15:17:33 [notice] 1#1: signal 17 (SIGCHLD) received from 30
2022/01/27 15:17:33 [notice] 1#1: worker process 30 exited with code 0
2022/01/27 15:17:33 [notice] 1#1: exit
2022/01/27 15:18:02 [notice] 1#1: using the "epoll" event method
2022/01/27 15:18:02 [notice] 1#1: nginx/1.21.0
2022/01/27 15:18:02 [notice] 1#1: built by gcc 8.3.0 (Debian 8.3.0-6) 
2022/01/27 15:18:02 [notice] 1#1: OS: Linux 4.15.0-132-generic
2022/01/27 15:18:02 [notice] 1#1: getrlimit(RLIMIT_NOFILE): 1048576:1048576
2022/01/27 15:18:02 [notice] 1#1: start worker processes
2022/01/27 15:18:02 [notice] 1#1: start worker process 29
2022/01/27 15:18:02 [notice] 1#1: start worker process 30
2022/01/27 15:18:02 [notice] 1#1: start worker process 31
2022/01/27 15:18:02 [notice] 1#1: start worker process 32
2022/01/27 15:38:37 [notice] 1#1: signal 3 (SIGQUIT) received, shutting down
2022/01/27 15:38:37 [notice] 30#30: gracefully shutting down
2022/01/27 15:38:37 [notice] 32#32: gracefully shutting down
2022/01/27 15:38:37 [notice] 31#31: gracefully shutting down
2022/01/27 15:38:37 [notice] 31#31: exiting
2022/01/27 15:38:37 [notice] 32#32: exiting
2022/01/27 15:38:37 [notice] 30#30: exiting
2022/01/27 15:38:37 [notice] 29#29: gracefully shutting down
2022/01/27 15:38:37 [notice] 29#29: exiting
2022/01/27 15:38:37 [notice] 29#29: exit
2022/01/27 15:38:37 [notice] 32#32: exit
2022/01/27 15:38:37 [notice] 30#30: exit
2022/01/27 15:38:37 [notice] 31#31: exit
2022/01/27 15:38:37 [notice] 1#1: signal 17 (SIGCHLD) received from 30
2022/01/27 15:38:37 [notice] 1#1: worker process 30 exited with code 0
2022/01/27 15:38:37 [notice] 1#1: signal 29 (SIGIO) received
2022/01/27 15:38:37 [notice] 1#1: signal 17 (SIGCHLD) received from 29
2022/01/27 15:38:37 [notice] 1#1: worker process 29 exited with code 0
2022/01/27 15:38:37 [notice] 1#1: worker process 31 exited with code 0
2022/01/27 15:38:37 [notice] 1#1: signal 29 (SIGIO) received
2022/01/27 15:38:37 [notice] 1#1: signal 17 (SIGCHLD) received from 31
2022/01/27 15:38:37 [notice] 1#1: signal 17 (SIGCHLD) received from 32
2022/01/27 15:38:37 [notice] 1#1: worker process 32 exited with code 0
2022/01/27 15:38:37 [notice] 1#1: exit
2022/01/27 15:38:55 [notice] 1#1: using the "epoll" event method
2022/01/27 15:38:55 [notice] 1#1: nginx/1.21.0
2022/01/27 15:38:55 [notice] 1#1: built by gcc 8.3.0 (Debian 8.3.0-6) 
2022/01/27 15:38:55 [notice] 1#1: OS: Linux 4.15.0-132-generic
2022/01/27 15:38:55 [notice] 1#1: getrlimit(RLIMIT_NOFILE): 1048576:1048576
2022/01/27 15:38:55 [notice] 1#1: start worker processes
2022/01/27 15:38:55 [notice] 1#1: start worker process 29
2022/01/27 15:38:55 [notice] 1#1: start worker process 30
2022/01/27 15:38:55 [notice] 1#1: start worker process 31
2022/01/27 15:38:55 [notice] 1#1: start worker process 32
2022/01/27 16:05:37 [notice] 1#1: signal 3 (SIGQUIT) received, shutting down
2022/01/27 16:05:37 [notice] 29#29: gracefully shutting down
2022/01/27 16:05:37 [notice] 31#31: gracefully shutting down
2022/01/27 16:05:37 [notice] 29#29: exiting
2022/01/27 16:05:37 [notice] 31#31: exiting
2022/01/27 16:05:37 [notice] 29#29: exit
2022/01/27 16:05:37 [notice] 31#31: exit
2022/01/27 16:05:37 [notice] 30#30: gracefully shutting down
2022/01/27 16:05:37 [notice] 30#30: exiting
2022/01/27 16:05:37 [notice] 30#30: exit
2022/01/27 16:05:37 [notice] 32#32: gracefully shutting down
2022/01/27 16:05:37 [notice] 32#32: exiting
2022/01/27 16:05:37 [notice] 32#32: exit
2022/01/27 16:05:37 [notice] 1#1: signal 17 (SIGCHLD) received from 29
2022/01/27 16:05:37 [notice] 1#1: worker process 29 exited with code 0
2022/01/27 16:05:37 [notice] 1#1: worker process 30 exited with code 0
2022/01/27 16:05:37 [notice] 1#1: worker process 31 exited with code 0
2022/01/27 16:05:37 [notice] 1#1: worker process 32 exited with code 0
2022/01/27 16:05:37 [notice] 1#1: exit
2022/01/27 16:07:39 [notice] 1#1: using the "epoll" event method
2022/01/27 16:07:39 [notice] 1#1: nginx/1.21.0
2022/01/27 16:07:39 [notice] 1#1: built by gcc 8.3.0 (Debian 8.3.0-6) 
2022/01/27 16:07:39 [notice] 1#1: OS: Linux 4.15.0-132-generic
2022/01/27 16:07:39 [notice] 1#1: getrlimit(RLIMIT_NOFILE): 1048576:1048576
2022/01/27 16:07:39 [notice] 1#1: start worker processes
2022/01/27 16:07:39 [notice] 1#1: start worker process 29
2022/01/27 16:07:39 [notice] 1#1: start worker process 30
2022/01/27 16:07:39 [notice] 1#1: start worker process 31
2022/01/27 16:07:39 [notice] 1#1: start worker process 32
2022/01/27 16:08:59 [notice] 1#1: signal 3 (SIGQUIT) received, shutting down
2022/01/27 16:08:59 [notice] 29#29: gracefully shutting down
2022/01/27 16:08:59 [notice] 31#31: gracefully shutting down
2022/01/27 16:08:59 [notice] 29#29: exiting
2022/01/27 16:08:59 [notice] 31#31: exiting
2022/01/27 16:08:59 [notice] 29#29: exit
2022/01/27 16:08:59 [notice] 31#31: exit
2022/01/27 16:08:59 [notice] 30#30: gracefully shutting down
2022/01/27 16:08:59 [notice] 32#32: gracefully shutting down
2022/01/27 16:08:59 [notice] 30#30: exiting
2022/01/27 16:08:59 [notice] 32#32: exiting
2022/01/27 16:08:59 [notice] 30#30: exit
2022/01/27 16:08:59 [notice] 32#32: exit
2022/01/27 16:08:59 [notice] 1#1: signal 17 (SIGCHLD) received from 29
2022/01/27 16:08:59 [notice] 1#1: worker process 29 exited with code 0
2022/01/27 16:08:59 [notice] 1#1: worker process 30 exited with code 0
2022/01/27 16:08:59 [notice] 1#1: signal 29 (SIGIO) received
2022/01/27 16:08:59 [notice] 1#1: signal 17 (SIGCHLD) received from 31
2022/01/27 16:08:59 [notice] 1#1: worker process 31 exited with code 0
2022/01/27 16:08:59 [notice] 1#1: worker process 32 exited with code 0
2022/01/27 16:08:59 [notice] 1#1: exit
2022/01/27 16:14:14 [notice] 1#1: using the "epoll" event method
2022/01/27 16:14:14 [notice] 1#1: nginx/1.21.0
2022/01/27 16:14:14 [notice] 1#1: built by gcc 8.3.0 (Debian 8.3.0-6) 
2022/01/27 16:14:14 [notice] 1#1: OS: Linux 4.15.0-132-generic
2022/01/27 16:14:14 [notice] 1#1: getrlimit(RLIMIT_NOFILE): 1048576:1048576
2022/01/27 16:14:14 [notice] 1#1: start worker processes
2022/01/27 16:14:14 [notice] 1#1: start worker process 29
2022/01/27 16:14:14 [notice] 1#1: start worker process 30
2022/01/27 16:14:14 [notice] 1#1: start worker process 31
2022/01/27 16:14:14 [notice] 1#1: start worker process 32
